{"level":"error","message":"Email already registered","timestamp":"2021-09-29T17:54:50.434Z"}
{"level":"info","message":"Login Success","timestamp":"2021-09-29T17:55:24.750Z"}
{"level":"error","message":"Email already registered","timestamp":"2021-09-29T17:56:12.497Z"}
{"level":"info","message":"Server is listening on port : 3000","timestamp":"2021-09-29T19:21:37.628Z"}
{"level":"info","message":"Server is listening on port : 3000","timestamp":"2021-09-30T03:08:31.787Z"}
{"level":"info","message":"Server is listening on port : 3000","timestamp":"2021-09-30T03:08:38.897Z"}
{"level":"info","message":"Server is listening on port : 3000","timestamp":"2021-10-03T19:21:59.191Z"}
{"level":"info","message":"Server is listening on port : 3000","timestamp":"2021-10-03T19:33:23.515Z"}
{"level":"info","message":"Login Success","timestamp":"2021-10-03T19:34:30.865Z"}
{"level":"info","message":"Server is listening on port : 3000","timestamp":"2021-10-03T19:55:23.334Z"}
{"level":"info","message":"Server is listening on port : 3000","timestamp":"2021-10-03T19:56:58.720Z"}
{"level":"info","message":"Server is listening on port : 3000","timestamp":"2021-10-04T04:07:51.071Z"}
{"level":"info","message":"Server is listening on port : 3000","timestamp":"2021-10-04T04:09:19.316Z"}
{"level":"info","message":"Server is listening on port : 3000","timestamp":"2021-10-04T04:10:55.343Z"}
{"level":"info","message":"Server is listening on port : 3000","timestamp":"2021-10-04T04:18:04.233Z"}
{"level":"info","message":"Server is listening on port : 3000","timestamp":"2021-10-04T04:29:06.634Z"}
{"level":"info","message":"Server is listening on port : 3000","timestamp":"2021-10-04T04:33:39.619Z"}
{"level":"info","message":"Server is listening on port : 3000","timestamp":"2021-10-04T04:34:18.477Z"}
{"level":"info","message":"Server is listening on port : 3000","timestamp":"2021-10-04T04:35:20.118Z"}
{"level":"info","message":"Server is listening on port : 3000","timestamp":"2021-10-04T04:36:02.182Z"}
{"level":"info","message":"Server is listening on port : 3000","timestamp":"2021-10-04T04:36:36.411Z"}
{"level":"info","message":"Server is listening on port : 3000","timestamp":"2021-10-04T04:38:23.800Z"}
{"level":"info","message":"Server is listening on port : 3000","timestamp":"2021-10-04T04:41:31.955Z"}
{"level":"info","message":"Server is listening on port : 3000","timestamp":"2021-10-04T04:42:19.935Z"}
{"level":"info","message":"Server is listening on port : 3000","timestamp":"2021-10-04T04:52:18.410Z"}
{"level":"info","message":"Server is listening on port : 3000","timestamp":"2021-10-04T04:52:39.038Z"}
{"level":"info","message":"Server is listening on port : 3000","timestamp":"2021-10-04T04:54:39.764Z"}
{"level":"info","message":"Server is listening on port : 3000","timestamp":"2021-10-04T05:02:26.976Z"}
{"level":"info","message":"Server is listening on port : 3000","timestamp":"2021-10-04T05:02:29.480Z"}
{"level":"info","message":"Server is listening on port : 3000","timestamp":"2021-10-04T05:02:40.742Z"}
{"level":"info","message":"Server is listening on port : 3000","timestamp":"2021-10-04T05:02:56.597Z"}
{"level":"info","message":"Server is listening on port : 3000","timestamp":"2021-10-04T05:02:59.368Z"}
{"level":"info","message":"Server is listening on port : 3000","timestamp":"2021-10-04T05:03:03.272Z"}
{"level":"info","message":"Server is listening on port : 3000","timestamp":"2021-10-04T05:03:55.270Z"}
{"level":"info","message":"Server is listening on port : 3000","timestamp":"2021-10-04T05:04:22.133Z"}
{"level":"info","message":"Server is listening on port : 3000","timestamp":"2021-10-04T05:04:24.193Z"}
{"level":"info","message":"Server is listening on port : 3000","timestamp":"2021-10-04T05:04:42.427Z"}
{"level":"info","message":"Server is listening on port : 3000","timestamp":"2021-10-04T05:04:46.468Z"}
{"level":"info","message":"Server is listening on port : 3000","timestamp":"2021-10-04T05:04:51.223Z"}
{"level":"info","message":"Server is listening on port : 3000","timestamp":"2021-10-04T05:04:55.278Z"}
{"level":"info","message":"Server is listening on port : 3000","timestamp":"2021-10-04T05:05:00.433Z"}
{"level":"info","message":"Server is listening on port : 3000","timestamp":"2021-10-04T05:05:03.288Z"}
{"level":"info","message":"Server is listening on port : 3000","timestamp":"2021-10-04T05:05:05.448Z"}
{"level":"info","message":"Server is listening on port : 3000","timestamp":"2021-10-04T05:05:18.561Z"}
{"level":"info","message":"Server is listening on port : 3000","timestamp":"2021-10-04T05:05:33.539Z"}
{"level":"info","message":"Server is listening on port : 3000","timestamp":"2021-10-04T05:05:38.727Z"}
{"level":"info","message":"Server is listening on port : 3000","timestamp":"2021-10-04T05:05:50.750Z"}
{"level":"info","message":"Server is listening on port : 3000","timestamp":"2021-10-04T05:05:54.013Z"}
{"level":"info","message":"Server is listening on port : 3000","timestamp":"2021-10-04T05:05:56.409Z"}
{"level":"info","message":"Server is listening on port : 3000","timestamp":"2021-10-04T05:06:55.111Z"}
{"level":"info","message":"Server is listening on port : 3000","timestamp":"2021-10-04T05:07:17.903Z"}
{"level":"info","message":"Server is listening on port : 3000","timestamp":"2021-10-04T05:07:23.308Z"}
{"level":"info","message":"Server is listening on port : 3000","timestamp":"2021-10-04T05:07:44.995Z"}
{"level":"info","message":"Server is listening on port : 3000","timestamp":"2021-10-04T05:07:46.946Z"}
{"level":"info","message":"Server is listening on port : 3000","timestamp":"2021-10-04T05:07:54.265Z"}
{"level":"info","message":"Server is listening on port : 3000","timestamp":"2021-10-04T05:08:57.536Z"}
{"level":"info","message":"Server is listening on port : 3000","timestamp":"2021-10-04T05:09:12.731Z"}
{"level":"info","message":"Server is listening on port : 3000","timestamp":"2021-10-04T05:09:46.608Z"}
{"level":"info","message":"Server is listening on port : 3000","timestamp":"2021-10-04T05:10:02.768Z"}
{"level":"info","message":"Server is listening on port : 3000","timestamp":"2021-10-04T05:10:44.141Z"}
{"_original":{"email":"a4atultiwari@gmail.com","firstName":"Atul","lastName":"Tiwari","password":"Yash0000"},"details":[{"context":{"key":"email","label":"email","regex":{},"value":"a4atultiwari@gmail.com"},"message":"\"email\" with value \"a4atultiwari@gmail.com\" fails to match the required pattern: /^[a-zA-z]{3}([+-_ .]*[a-zA-Z0-9]+)*[@][a-zA-z0-9]+(.[a-z]{2,3})*$/","path":["email"],"type":"string.pattern.base"}],"level":"error","timestamp":"2021-10-04T05:13:05.083Z"}
{"_original":{"email":"a4atultiwari@gmail.com","firstName":"Atul","lastName":"Tiwari","password":"Yash0000"},"details":[{"context":{"key":"email","label":"email","regex":{},"value":"a4atultiwari@gmail.com"},"message":"\"email\" with value \"a4atultiwari@gmail.com\" fails to match the required pattern: /^[a-zA-z]{3}([+-_ .]*[a-zA-Z0-9]+)*[@][a-zA-z0-9]+(.[a-z]{2,3})*$/","path":["email"],"type":"string.pattern.base"}],"level":"error","timestamp":"2021-10-04T05:13:44.234Z"}
{"level":"info","message":"Server is listening on port : 3000","timestamp":"2021-10-04T05:14:06.356Z"}
{"level":"info","message":"User Registered","timestamp":"2021-10-04T05:14:10.241Z"}
{"level":"info","message":"Server is listening on port : 3000","timestamp":"2021-10-04T05:15:38.790Z"}
{"level":"info","message":"Server is listening on port : 3000","timestamp":"2021-10-04T05:17:23.064Z"}
{"level":"info","message":"User Registered","timestamp":"2021-10-04T06:01:41.408Z"}
{"level":"info","message":"Server is listening on port : 3000","timestamp":"2021-10-04T06:04:06.448Z"}
{"level":"info","message":"Server is listening on port : 3000","timestamp":"2021-10-04T06:09:30.439Z"}
{"level":"error","message":"Invalid password","timestamp":"2021-10-04T11:59:35.560Z"}
{"level":"info","message":"Login Success","timestamp":"2021-10-04T12:00:20.144Z"}
{"level":"info","message":"User Registered","timestamp":"2021-10-04T12:05:05.246Z"}
{"level":"info","message":"Server is listening on port : 3000","timestamp":"2021-10-04T12:08:42.470Z"}
{"level":"info","message":"Server is listening on port : 3000","timestamp":"2021-10-04T12:10:18.618Z"}
{"level":"info","message":"Server is listening on port : 3000","timestamp":"2021-10-04T12:10:20.521Z"}
{"level":"info","message":"Server is listening on port : 3000","timestamp":"2021-10-04T12:10:30.635Z"}
{"level":"info","message":"Server is listening on port : 3000","timestamp":"2021-10-04T12:10:37.180Z"}
{"level":"info","message":"Server is listening on port : 3000","timestamp":"2021-10-04T12:10:41.306Z"}
{"level":"info","message":"Server is listening on port : 3000","timestamp":"2021-10-04T12:10:43.107Z"}
{"level":"info","message":"Server is listening on port : 3000","timestamp":"2021-10-04T12:11:28.347Z"}
{"level":"info","message":"Server is listening on port : 3000","timestamp":"2021-10-04T12:11:31.465Z"}
{"level":"info","message":"Server is listening on port : 3000","timestamp":"2021-10-04T12:13:46.431Z"}
{"level":"info","message":"Server is listening on port : 3000","timestamp":"2021-10-04T12:13:49.307Z"}
{"level":"info","message":"Server is listening on port : 3000","timestamp":"2021-10-04T12:13:58.553Z"}
{"level":"info","message":"Server is listening on port : 3000","timestamp":"2021-10-04T12:14:08.571Z"}
{"level":"info","message":"Server is listening on port : 3000","timestamp":"2021-10-04T12:14:23.248Z"}
{"level":"info","message":"Server is listening on port : 3000","timestamp":"2021-10-04T12:16:23.092Z"}
{"level":"info","message":"Server is listening on port : 3000","timestamp":"2021-10-04T12:16:28.548Z"}
{"level":"info","message":"Server is listening on port : 3000","timestamp":"2021-10-04T12:16:37.554Z"}
{"level":"info","message":"Server is listening on port : 3000","timestamp":"2021-10-04T12:16:43.231Z"}
{"level":"info","message":"Server is listening on port : 3000","timestamp":"2021-10-04T12:17:58.131Z"}
{"level":"info","message":"Server is listening on port : 3000","timestamp":"2021-10-04T12:18:00.751Z"}
{"level":"info","message":"Server is listening on port : 3000","timestamp":"2021-10-04T12:29:27.755Z"}
{"level":"info","message":"Server is listening on port : 3000","timestamp":"2021-10-04T12:30:20.653Z"}
{"level":"info","message":"Server is listening on port : 3000","timestamp":"2021-10-04T12:38:05.399Z"}
{"level":"info","message":"Server is listening on port : 3000","timestamp":"2021-10-04T12:38:52.921Z"}
{"level":"info","message":"Server is listening on port : 3000","timestamp":"2021-10-04T12:39:04.791Z"}
{"level":"info","message":"Server is listening on port : 3000","timestamp":"2021-10-04T12:39:07.435Z"}
{"level":"info","message":"Server is listening on port : 3000","timestamp":"2021-10-04T12:39:18.210Z"}
{"level":"info","message":"Server is listening on port : 3000","timestamp":"2021-10-04T12:40:13.661Z"}
{"level":"info","message":"Server is listening on port : 3000","timestamp":"2021-10-04T12:40:49.969Z"}
{"level":"info","message":"Server is listening on port : 3000","timestamp":"2021-10-04T12:41:36.105Z"}
{"level":"info","message":"Server is listening on port : 3000","timestamp":"2021-10-04T12:55:31.919Z"}
{"level":"info","message":"Server is listening on port : 3000","timestamp":"2021-10-04T12:56:24.224Z"}
{"level":"info","message":"Server is listening on port : 3000","timestamp":"2021-10-04T13:15:45.743Z"}
{"level":"info","message":"Server is listening on port : 3000","timestamp":"2021-10-04T13:18:26.439Z"}
{"level":"info","message":"Server is listening on port : 3000","timestamp":"2021-10-04T13:18:44.495Z"}
{"level":"info","message":"Server is listening on port : 3000","timestamp":"2021-10-04T13:18:52.139Z"}
{"level":"info","message":"Server is listening on port : 3000","timestamp":"2021-10-04T13:18:56.201Z"}
{"level":"info","message":"Server is listening on port : 3000","timestamp":"2021-10-04T13:19:02.169Z"}
{"level":"info","message":"Server is listening on port : 3000","timestamp":"2021-10-04T13:19:08.418Z"}
{"level":"info","message":"Server is listening on port : 3000","timestamp":"2021-10-04T13:19:13.671Z"}
